[ 2016-06-20T16:41:50+08:00 ] ::1 /zzjk/index.php?g=signup&a=step3
INFO: [ app_begin ] --START--
INFO: Run Behavior\ReadHtmlCacheBehavior [ RunTime:0.003615s ]
INFO: Run Behavior\CheckLangBehavior [ RunTime:0.004405s ]
INFO: [ app_begin ] --END-- [ RunTime:0.009877s ]
SQL: SHOW COLUMNS FROM `jk_users` [ RunTime:0.0319s ]
SQL: SELECT `user_status` FROM `jk_users` WHERE `id` = '2' LIMIT 1   [ RunTime:0.0008s ]
INFO: [ view_parse ] --START--
INFO: [ template_filter ] --START--
INFO: Run Behavior\ContentReplaceBehavior [ RunTime:0.000271s ]
INFO: [ template_filter ] --END-- [ RunTime:0.000433s ]
INFO: Run Behavior\ParseTemplateBehavior [ RunTime:0.067281s ]
INFO: [ view_parse ] --END-- [ RunTime:0.067456s ]
INFO: [ view_filter ] --START--
INFO: Run Behavior\WriteHtmlCacheBehavior [ RunTime:0.001858s ]
INFO: Run Common\Behavior\TmplStripSpaceBehavior [ RunTime:0.002343s ]
INFO: [ view_filter ] --END-- [ RunTime:0.004441s ]
INFO: [ app_end ] --START--
INFO: Run Behavior\ShowPageTraceBehavior [ RunTime:0.001969s ]
INFO: [ app_end ] --END-- [ RunTime:0.002087s ]

[ 2016-06-20T16:46:07+08:00 ] ::1 /zzjk/index.php?g=signup&a=step3
INFO: [ app_begin ] --START--
INFO: Run Behavior\ReadHtmlCacheBehavior [ RunTime:0.002836s ]
INFO: Run Behavior\CheckLangBehavior [ RunTime:0.008646s ]
INFO: [ app_begin ] --END-- [ RunTime:0.013419s ]
SQL: SHOW COLUMNS FROM `jk_users` [ RunTime:0.0349s ]
SQL: SELECT `user_status` FROM `jk_users` WHERE `id` = '2' LIMIT 1   [ RunTime:0.0010s ]

[ 2016-06-20T16:46:11+08:00 ] ::1 /zzjk/index.php?g=signup&a=step3
INFO: [ app_begin ] --START--
INFO: Run Behavior\ReadHtmlCacheBehavior [ RunTime:0.001576s ]
INFO: Run Behavior\CheckLangBehavior [ RunTime:0.003721s ]
INFO: [ app_begin ] --END-- [ RunTime:0.006908s ]
SQL: SHOW COLUMNS FROM `jk_users` [ RunTime:0.0243s ]
SQL: SELECT `user_status` FROM `jk_users` WHERE `id` = '2' LIMIT 1   [ RunTime:0.0008s ]

[ 2016-06-20T16:46:13+08:00 ] ::1 /zzjk/index.php?g=signup&a=step3
INFO: [ app_begin ] --START--
INFO: Run Behavior\ReadHtmlCacheBehavior [ RunTime:0.001681s ]
INFO: Run Behavior\CheckLangBehavior [ RunTime:0.002823s ]
INFO: [ app_begin ] --END-- [ RunTime:0.006100s ]
SQL: SHOW COLUMNS FROM `jk_users` [ RunTime:0.0225s ]
SQL: SELECT `user_status` FROM `jk_users` WHERE `id` = '2' LIMIT 1   [ RunTime:0.0010s ]

[ 2016-06-20T16:52:58+08:00 ] ::1 /zzjk/index.php?g=signup&a=step3
INFO: [ app_begin ] --START--
INFO: Run Behavior\ReadHtmlCacheBehavior [ RunTime:0.001655s ]
INFO: Run Behavior\CheckLangBehavior [ RunTime:0.003693s ]
INFO: [ app_begin ] --END-- [ RunTime:0.006776s ]
SQL: SHOW COLUMNS FROM `jk_users` [ RunTime:0.0698s ]
SQL: SELECT `user_status` FROM `jk_users` WHERE `id` = '2' LIMIT 1   [ RunTime:0.0007s ]

