[ 2016-06-20T08:06:57+08:00 ] ::1 /zzjk/index.php?g=user&m=index&a=is_login
INFO: [ app_begin ] --START--
INFO: Run Behavior\ReadHtmlCacheBehavior [ RunTime:0.004344s ]
INFO: Run Behavior\CheckLangBehavior [ RunTime:0.003173s ]
INFO: [ app_begin ] --END-- [ RunTime:0.009486s ]
NOTIC: [8] Undefined index: url F:\jphpstudy\WWW\zzjk\application\Common\Controller\AppframeController.class.php 第 45 行.

[ 2016-06-20T08:07:04+08:00 ] ::1 /zzjk/index.php?g=user&m=index&a=is_login
INFO: [ app_begin ] --START--
INFO: Run Behavior\ReadHtmlCacheBehavior [ RunTime:0.002293s ]
INFO: Run Behavior\CheckLangBehavior [ RunTime:0.003210s ]
INFO: [ app_begin ] --END-- [ RunTime:0.007562s ]
NOTIC: [8] Undefined index: url F:\jphpstudy\WWW\zzjk\application\Common\Controller\AppframeController.class.php 第 45 行.

[ 2016-06-20T08:18:05+08:00 ] ::1 /zzjk/index.php?g=user&m=index&a=is_login
INFO: [ app_begin ] --START--
INFO: Run Behavior\ReadHtmlCacheBehavior [ RunTime:0.001564s ]
INFO: Run Behavior\CheckLangBehavior [ RunTime:0.002701s ]
INFO: [ app_begin ] --END-- [ RunTime:0.006592s ]
NOTIC: [8] Undefined index: url F:\jphpstudy\WWW\zzjk\application\Common\Controller\AppframeController.class.php 第 45 行.

[ 2016-06-20T08:18:23+08:00 ] ::1 /zzjk/index.php?g=user&m=index&a=is_login
INFO: [ app_begin ] --START--
INFO: Run Behavior\ReadHtmlCacheBehavior [ RunTime:0.001564s ]
INFO: Run Behavior\CheckLangBehavior [ RunTime:0.005122s ]
INFO: [ app_begin ] --END-- [ RunTime:0.008565s ]
NOTIC: [8] Undefined index: url F:\jphpstudy\WWW\zzjk\application\Common\Controller\AppframeController.class.php 第 45 行.

[ 2016-06-20T08:51:12+08:00 ] ::1 /zzjk/index.php?g=user&m=index&a=is_login
INFO: [ app_begin ] --START--
INFO: Run Behavior\ReadHtmlCacheBehavior [ RunTime:0.002074s ]
INFO: Run Behavior\CheckLangBehavior [ RunTime:0.008084s ]
INFO: [ app_begin ] --END-- [ RunTime:0.017885s ]
NOTIC: [8] Undefined index: url F:\jphpstudy\WWW\zzjk\application\Common\Controller\AppframeController.class.php 第 45 行.

[ 2016-06-20T09:20:08+08:00 ] ::1 /zzjk/index.php?g=User&m=profile&a=edit_post
INFO: [ app_begin ] --START--
INFO: Run Behavior\ReadHtmlCacheBehavior [ RunTime:0.001938s ]
INFO: Run Behavior\CheckLangBehavior [ RunTime:0.003704s ]
INFO: [ app_begin ] --END-- [ RunTime:0.007255s ]
SQL: SHOW COLUMNS FROM `jk_users` [ RunTime:0.0237s ]
SQL: SELECT `user_status` FROM `jk_users` WHERE `id` = '2' LIMIT 1   [ RunTime:0.0228s ]
SQL: SHOW COLUMNS FROM `jk_users` [ RunTime:0.0240s ]
SQL: UPDATE `jk_users` SET `user_nicename`='mengdreamup_foxmail_cpm',`sex`='0',`birthday`='1899-11-09',`user_url`='',`signature`='singnature' WHERE `id` = '2' [ RunTime:0.0230s ]
SQL: SELECT * FROM `jk_users` WHERE `id` = '2' LIMIT 1   [ RunTime:0.0235s ]

[ 2016-06-20T09:20:10+08:00 ] ::1 /zzjk/index.php?g=user&m=index&a=is_login
INFO: [ app_begin ] --START--
INFO: Run Behavior\ReadHtmlCacheBehavior [ RunTime:0.006307s ]
INFO: Run Behavior\CheckLangBehavior [ RunTime:0.003904s ]
INFO: [ app_begin ] --END-- [ RunTime:0.012128s ]
NOTIC: [8] Undefined index: url F:\jphpstudy\WWW\zzjk\application\Common\Controller\AppframeController.class.php 第 45 行.

[ 2016-06-20T09:20:16+08:00 ] ::1 /zzjk/index.php?g=User&m=profile&a=edit_post
INFO: [ app_begin ] --START--
INFO: Run Behavior\ReadHtmlCacheBehavior [ RunTime:0.001567s ]
INFO: Run Behavior\CheckLangBehavior [ RunTime:0.002620s ]
INFO: [ app_begin ] --END-- [ RunTime:0.005971s ]
SQL: SHOW COLUMNS FROM `jk_users` [ RunTime:0.0278s ]
SQL: SELECT `user_status` FROM `jk_users` WHERE `id` = '2' LIMIT 1   [ RunTime:0.0272s ]
SQL: SHOW COLUMNS FROM `jk_users` [ RunTime:0.0280s ]
SQL: UPDATE `jk_users` SET `user_nicename`='mengdreamup_foxmail_cpm',`sex`='1',`birthday`='1899-11-09',`user_url`='',`signature`='singnature' WHERE `id` = '2' [ RunTime:0.0267s ]
SQL: SELECT * FROM `jk_users` WHERE `id` = '2' LIMIT 1   [ RunTime:0.0269s ]

[ 2016-06-20T09:20:18+08:00 ] ::1 /zzjk/index.php?g=user&m=index&a=is_login
INFO: [ app_begin ] --START--
INFO: Run Behavior\ReadHtmlCacheBehavior [ RunTime:0.002278s ]
INFO: Run Behavior\CheckLangBehavior [ RunTime:0.007742s ]
INFO: [ app_begin ] --END-- [ RunTime:0.013774s ]
NOTIC: [8] Undefined index: url F:\jphpstudy\WWW\zzjk\application\Common\Controller\AppframeController.class.php 第 45 行.

[ 2016-06-20T09:25:56+08:00 ] ::1 /zzjk/index.php?g=user&m=index&a=is_login
INFO: [ app_begin ] --START--
INFO: Run Behavior\ReadHtmlCacheBehavior [ RunTime:0.001817s ]
INFO: Run Behavior\CheckLangBehavior [ RunTime:0.002687s ]
INFO: [ app_begin ] --END-- [ RunTime:0.006797s ]
NOTIC: [8] Undefined index: url F:\jphpstudy\WWW\zzjk\application\Common\Controller\AppframeController.class.php 第 45 行.

[ 2016-06-20T09:26:01+08:00 ] ::1 /zzjk/index.php?g=User&m=profile&a=edit_post
INFO: [ app_begin ] --START--
INFO: Run Behavior\ReadHtmlCacheBehavior [ RunTime:0.002011s ]
INFO: Run Behavior\CheckLangBehavior [ RunTime:0.003250s ]
INFO: [ app_begin ] --END-- [ RunTime:0.006802s ]
SQL: SHOW COLUMNS FROM `jk_users` [ RunTime:0.0247s ]
SQL: SELECT `user_status` FROM `jk_users` WHERE `id` = '2' LIMIT 1   [ RunTime:0.0007s ]
SQL: SHOW COLUMNS FROM `jk_users` [ RunTime:0.0179s ]
SQL: UPDATE `jk_users` SET `user_nicename`='mengdreamup_foxmail_cpm',`sex`='1',`birthday`='1899-11-22',`user_url`='',`signature`='singnature' WHERE `id` = '2' [ RunTime:0.0011s ]
SQL: SELECT * FROM `jk_users` WHERE `id` = '2' LIMIT 1   [ RunTime:0.0010s ]

[ 2016-06-20T09:26:04+08:00 ] ::1 /zzjk/index.php?g=user&m=index&a=is_login
INFO: [ app_begin ] --START--
INFO: Run Behavior\ReadHtmlCacheBehavior [ RunTime:0.002681s ]
INFO: Run Behavior\CheckLangBehavior [ RunTime:0.016318s ]
INFO: [ app_begin ] --END-- [ RunTime:0.022091s ]
NOTIC: [8] Undefined index: url F:\jphpstudy\WWW\zzjk\application\Common\Controller\AppframeController.class.php 第 45 行.

[ 2016-06-20T10:52:12+08:00 ] ::1 /zzjk/index.php?g=user&m=index&a=is_login
INFO: [ app_begin ] --START--
INFO: Run Behavior\ReadHtmlCacheBehavior [ RunTime:0.002155s ]
INFO: Run Behavior\CheckLangBehavior [ RunTime:0.002707s ]
INFO: [ app_begin ] --END-- [ RunTime:0.009228s ]
NOTIC: [8] Undefined index: url F:\jphpstudy\WWW\zzjk\application\Common\Controller\AppframeController.class.php 第 45 行.

[ 2016-06-20T10:52:14+08:00 ] ::1 /zzjk/index.php?g=User&m=profile&a=edit_post
INFO: [ app_begin ] --START--
INFO: Run Behavior\ReadHtmlCacheBehavior [ RunTime:0.001596s ]
INFO: Run Behavior\CheckLangBehavior [ RunTime:0.002329s ]
INFO: [ app_begin ] --END-- [ RunTime:0.005551s ]
SQL: SHOW COLUMNS FROM `jk_users` [ RunTime:0.0235s ]
SQL: SELECT `user_status` FROM `jk_users` WHERE `id` = '2' LIMIT 1   [ RunTime:0.0009s ]
SQL: SHOW COLUMNS FROM `jk_users` [ RunTime:0.0190s ]
SQL: UPDATE `jk_users` SET `user_nicename`='mengdreamup_foxmail_cpm',`sex`='1',`birthday`='1899-11-22',`user_url`='' WHERE `id` = '2' [ RunTime:0.0008s ]
SQL: SELECT * FROM `jk_users` WHERE `id` = '2' LIMIT 1   [ RunTime:0.0009s ]

[ 2016-06-20T10:52:16+08:00 ] ::1 /zzjk/index.php?g=user&m=index&a=is_login
INFO: [ app_begin ] --START--
INFO: Run Behavior\ReadHtmlCacheBehavior [ RunTime:0.002414s ]
INFO: Run Behavior\CheckLangBehavior [ RunTime:0.003923s ]
INFO: [ app_begin ] --END-- [ RunTime:0.010423s ]
NOTIC: [8] Undefined index: url F:\jphpstudy\WWW\zzjk\application\Common\Controller\AppframeController.class.php 第 45 行.

[ 2016-06-20T10:53:15+08:00 ] ::1 /zzjk/index.php?g=user&m=index&a=is_login
INFO: [ app_begin ] --START--
INFO: Run Behavior\ReadHtmlCacheBehavior [ RunTime:0.007221s ]
INFO: Run Behavior\CheckLangBehavior [ RunTime:0.006298s ]
INFO: [ app_begin ] --END-- [ RunTime:0.015912s ]
NOTIC: [8] Undefined index: url F:\jphpstudy\WWW\zzjk\application\Common\Controller\AppframeController.class.php 第 45 行.

[ 2016-06-20T10:53:21+08:00 ] ::1 /zzjk/index.php?g=user&m=index&a=is_login
INFO: [ app_begin ] --START--
INFO: Run Behavior\ReadHtmlCacheBehavior [ RunTime:0.002203s ]
INFO: Run Behavior\CheckLangBehavior [ RunTime:0.004447s ]
INFO: [ app_begin ] --END-- [ RunTime:0.008955s ]
NOTIC: [8] Undefined index: url F:\jphpstudy\WWW\zzjk\application\Common\Controller\AppframeController.class.php 第 45 行.

[ 2016-06-20T10:53:44+08:00 ] ::1 /zzjk/index.php?g=user&m=index&a=is_login
INFO: [ app_begin ] --START--
INFO: Run Behavior\ReadHtmlCacheBehavior [ RunTime:0.004034s ]
INFO: Run Behavior\CheckLangBehavior [ RunTime:0.003536s ]
INFO: [ app_begin ] --END-- [ RunTime:0.011002s ]
NOTIC: [8] Undefined index: url F:\jphpstudy\WWW\zzjk\application\Common\Controller\AppframeController.class.php 第 45 行.

[ 2016-06-20T10:54:35+08:00 ] ::1 /zzjk/index.php?g=user&m=index&a=is_login
INFO: [ app_begin ] --START--
INFO: Run Behavior\ReadHtmlCacheBehavior [ RunTime:0.002698s ]
INFO: Run Behavior\CheckLangBehavior [ RunTime:0.002407s ]
INFO: [ app_begin ] --END-- [ RunTime:0.007206s ]
NOTIC: [8] Undefined index: url F:\jphpstudy\WWW\zzjk\application\Common\Controller\AppframeController.class.php 第 45 行.

[ 2016-06-20T10:54:39+08:00 ] ::1 /zzjk/index.php?g=user&m=index&a=is_login
INFO: [ app_begin ] --START--
INFO: Run Behavior\ReadHtmlCacheBehavior [ RunTime:0.002349s ]
INFO: Run Behavior\CheckLangBehavior [ RunTime:0.003334s ]
INFO: [ app_begin ] --END-- [ RunTime:0.011234s ]
NOTIC: [8] Undefined index: url F:\jphpstudy\WWW\zzjk\application\Common\Controller\AppframeController.class.php 第 45 行.

[ 2016-06-20T10:54:41+08:00 ] ::1 /zzjk/index.php?g=user&m=index&a=is_login
INFO: [ app_begin ] --START--
INFO: Run Behavior\ReadHtmlCacheBehavior [ RunTime:0.003100s ]
INFO: Run Behavior\CheckLangBehavior [ RunTime:0.005935s ]
INFO: [ app_begin ] --END-- [ RunTime:0.011585s ]
NOTIC: [8] Undefined index: url F:\jphpstudy\WWW\zzjk\application\Common\Controller\AppframeController.class.php 第 45 行.

[ 2016-06-20T10:55:46+08:00 ] ::1 /zzjk/index.php?g=user&m=index&a=is_login
INFO: [ app_begin ] --START--
INFO: Run Behavior\ReadHtmlCacheBehavior [ RunTime:0.001994s ]
INFO: Run Behavior\CheckLangBehavior [ RunTime:0.004771s ]
INFO: [ app_begin ] --END-- [ RunTime:0.008663s ]
NOTIC: [8] Undefined index: url F:\jphpstudy\WWW\zzjk\application\Common\Controller\AppframeController.class.php 第 45 行.

[ 2016-06-20T10:56:09+08:00 ] ::1 /zzjk/index.php?g=user&m=index&a=is_login
INFO: [ app_begin ] --START--
INFO: Run Behavior\ReadHtmlCacheBehavior [ RunTime:0.001717s ]
INFO: Run Behavior\CheckLangBehavior [ RunTime:0.002923s ]
INFO: [ app_begin ] --END-- [ RunTime:0.006405s ]
NOTIC: [8] Undefined index: url F:\jphpstudy\WWW\zzjk\application\Common\Controller\AppframeController.class.php 第 45 行.

[ 2016-06-20T10:56:21+08:00 ] ::1 /zzjk/index.php?g=user&m=index&a=is_login
INFO: [ app_begin ] --START--
INFO: Run Behavior\ReadHtmlCacheBehavior [ RunTime:0.001657s ]
INFO: Run Behavior\CheckLangBehavior [ RunTime:0.004251s ]
INFO: [ app_begin ] --END-- [ RunTime:0.007394s ]
NOTIC: [8] Undefined index: url F:\jphpstudy\WWW\zzjk\application\Common\Controller\AppframeController.class.php 第 45 行.

[ 2016-06-20T10:56:47+08:00 ] ::1 /zzjk/index.php?g=user&m=index&a=is_login
INFO: [ app_begin ] --START--
INFO: Run Behavior\ReadHtmlCacheBehavior [ RunTime:0.003732s ]
INFO: Run Behavior\CheckLangBehavior [ RunTime:0.003554s ]
INFO: [ app_begin ] --END-- [ RunTime:0.009651s ]
NOTIC: [8] Undefined index: url F:\jphpstudy\WWW\zzjk\application\Common\Controller\AppframeController.class.php 第 45 行.

[ 2016-06-20T10:57:12+08:00 ] ::1 /zzjk/index.php?g=user&m=index&a=is_login
INFO: [ app_begin ] --START--
INFO: Run Behavior\ReadHtmlCacheBehavior [ RunTime:0.001967s ]
INFO: Run Behavior\CheckLangBehavior [ RunTime:0.002711s ]
INFO: [ app_begin ] --END-- [ RunTime:0.008994s ]
NOTIC: [8] Undefined index: url F:\jphpstudy\WWW\zzjk\application\Common\Controller\AppframeController.class.php 第 45 行.

[ 2016-06-20T10:57:23+08:00 ] ::1 /zzjk/index.php?g=user&m=index&a=is_login
INFO: [ app_begin ] --START--
INFO: Run Behavior\ReadHtmlCacheBehavior [ RunTime:0.004455s ]
INFO: Run Behavior\CheckLangBehavior [ RunTime:0.003544s ]
INFO: [ app_begin ] --END-- [ RunTime:0.009480s ]
NOTIC: [8] Undefined index: url F:\jphpstudy\WWW\zzjk\application\Common\Controller\AppframeController.class.php 第 45 行.

[ 2016-06-20T10:57:32+08:00 ] ::1 /zzjk/index.php?g=user&m=index&a=is_login
INFO: [ app_begin ] --START--
INFO: Run Behavior\ReadHtmlCacheBehavior [ RunTime:0.002520s ]
INFO: Run Behavior\CheckLangBehavior [ RunTime:0.003084s ]
INFO: [ app_begin ] --END-- [ RunTime:0.008724s ]
NOTIC: [8] Undefined index: url F:\jphpstudy\WWW\zzjk\application\Common\Controller\AppframeController.class.php 第 45 行.

[ 2016-06-20T10:57:43+08:00 ] ::1 /zzjk/index.php?g=user&m=index&a=is_login
INFO: [ app_begin ] --START--
INFO: Run Behavior\ReadHtmlCacheBehavior [ RunTime:0.001626s ]
INFO: Run Behavior\CheckLangBehavior [ RunTime:0.003488s ]
INFO: [ app_begin ] --END-- [ RunTime:0.006606s ]
NOTIC: [8] Undefined index: url F:\jphpstudy\WWW\zzjk\application\Common\Controller\AppframeController.class.php 第 45 行.

[ 2016-06-20T11:00:55+08:00 ] ::1 /zzjk/index.php?g=user&m=index&a=is_login
INFO: [ app_begin ] --START--
INFO: Run Behavior\ReadHtmlCacheBehavior [ RunTime:0.001963s ]
INFO: Run Behavior\CheckLangBehavior [ RunTime:0.006480s ]
INFO: [ app_begin ] --END-- [ RunTime:0.011013s ]
NOTIC: [8] Undefined index: url F:\jphpstudy\WWW\zzjk\application\Common\Controller\AppframeController.class.php 第 45 行.

[ 2016-06-20T11:02:49+08:00 ] ::1 /zzjk/index.php?g=user&m=index&a=is_login
INFO: [ app_begin ] --START--
INFO: Run Behavior\ReadHtmlCacheBehavior [ RunTime:0.002810s ]
INFO: Run Behavior\CheckLangBehavior [ RunTime:0.003086s ]
INFO: [ app_begin ] --END-- [ RunTime:0.009348s ]
NOTIC: [8] Undefined index: url F:\jphpstudy\WWW\zzjk\application\Common\Controller\AppframeController.class.php 第 45 行.

[ 2016-06-20T11:02:52+08:00 ] ::1 /zzjk/index.php?g=user&m=index&a=is_login
INFO: [ app_begin ] --START--
INFO: Run Behavior\ReadHtmlCacheBehavior [ RunTime:0.001722s ]
INFO: Run Behavior\CheckLangBehavior [ RunTime:0.002577s ]
INFO: [ app_begin ] --END-- [ RunTime:0.006367s ]
NOTIC: [8] Undefined index: url F:\jphpstudy\WWW\zzjk\application\Common\Controller\AppframeController.class.php 第 45 行.

[ 2016-06-20T11:02:53+08:00 ] ::1 /zzjk/index.php?g=user&m=index&a=is_login
INFO: [ app_begin ] --START--
INFO: Run Behavior\ReadHtmlCacheBehavior [ RunTime:0.005172s ]
INFO: Run Behavior\CheckLangBehavior [ RunTime:0.009304s ]
INFO: [ app_begin ] --END-- [ RunTime:0.017066s ]
NOTIC: [8] Undefined index: url F:\jphpstudy\WWW\zzjk\application\Common\Controller\AppframeController.class.php 第 45 行.

[ 2016-06-20T11:02:55+08:00 ] ::1 /zzjk/index.php?g=user&m=index&a=is_login
INFO: [ app_begin ] --START--
INFO: Run Behavior\ReadHtmlCacheBehavior [ RunTime:0.004170s ]
INFO: Run Behavior\CheckLangBehavior [ RunTime:0.005189s ]
INFO: [ app_begin ] --END-- [ RunTime:0.011566s ]
NOTIC: [8] Undefined index: url F:\jphpstudy\WWW\zzjk\application\Common\Controller\AppframeController.class.php 第 45 行.

[ 2016-06-20T11:02:58+08:00 ] ::1 /zzjk/index.php?g=user&m=index&a=is_login
INFO: [ app_begin ] --START--
INFO: Run Behavior\ReadHtmlCacheBehavior [ RunTime:0.002094s ]
INFO: Run Behavior\CheckLangBehavior [ RunTime:0.003993s ]
INFO: [ app_begin ] --END-- [ RunTime:0.008084s ]
NOTIC: [8] Undefined index: url F:\jphpstudy\WWW\zzjk\application\Common\Controller\AppframeController.class.php 第 45 行.

[ 2016-06-20T11:03:00+08:00 ] ::1 /zzjk/index.php?g=user&m=index&a=is_login
INFO: [ app_begin ] --START--
INFO: Run Behavior\ReadHtmlCacheBehavior [ RunTime:0.005244s ]
INFO: Run Behavior\CheckLangBehavior [ RunTime:0.002532s ]
INFO: [ app_begin ] --END-- [ RunTime:0.009137s ]
NOTIC: [8] Undefined index: url F:\jphpstudy\WWW\zzjk\application\Common\Controller\AppframeController.class.php 第 45 行.

[ 2016-06-20T11:03:02+08:00 ] ::1 /zzjk/index.php?g=user&m=index&a=is_login
INFO: [ app_begin ] --START--
INFO: Run Behavior\ReadHtmlCacheBehavior [ RunTime:0.002566s ]
INFO: Run Behavior\CheckLangBehavior [ RunTime:0.004525s ]
INFO: [ app_begin ] --END-- [ RunTime:0.012403s ]
NOTIC: [8] Undefined index: url F:\jphpstudy\WWW\zzjk\application\Common\Controller\AppframeController.class.php 第 45 行.

[ 2016-06-20T11:03:05+08:00 ] ::1 /zzjk/index.php?g=user&m=index&a=is_login
INFO: [ app_begin ] --START--
INFO: Run Behavior\ReadHtmlCacheBehavior [ RunTime:0.004404s ]
INFO: Run Behavior\CheckLangBehavior [ RunTime:0.003451s ]
INFO: [ app_begin ] --END-- [ RunTime:0.009556s ]
NOTIC: [8] Undefined index: url F:\jphpstudy\WWW\zzjk\application\Common\Controller\AppframeController.class.php 第 45 行.

[ 2016-06-20T11:03:08+08:00 ] ::1 /zzjk/index.php?g=user&m=index&a=is_login
INFO: [ app_begin ] --START--
INFO: Run Behavior\ReadHtmlCacheBehavior [ RunTime:0.002240s ]
INFO: Run Behavior\CheckLangBehavior [ RunTime:0.002758s ]
INFO: [ app_begin ] --END-- [ RunTime:0.006891s ]
NOTIC: [8] Undefined index: url F:\jphpstudy\WWW\zzjk\application\Common\Controller\AppframeController.class.php 第 45 行.

[ 2016-06-20T11:03:39+08:00 ] ::1 /zzjk/index.php?g=user&m=index&a=is_login
INFO: [ app_begin ] --START--
INFO: Run Behavior\ReadHtmlCacheBehavior [ RunTime:0.002055s ]
INFO: Run Behavior\CheckLangBehavior [ RunTime:0.004498s ]
INFO: [ app_begin ] --END-- [ RunTime:0.008179s ]
NOTIC: [8] Undefined index: url F:\jphpstudy\WWW\zzjk\application\Common\Controller\AppframeController.class.php 第 45 行.

[ 2016-06-20T11:03:41+08:00 ] ::1 /zzjk/index.php?g=user&m=index&a=is_login
INFO: [ app_begin ] --START--
INFO: Run Behavior\ReadHtmlCacheBehavior [ RunTime:0.021065s ]
INFO: Run Behavior\CheckLangBehavior [ RunTime:0.004877s ]
INFO: [ app_begin ] --END-- [ RunTime:0.027959s ]
NOTIC: [8] Undefined index: url F:\jphpstudy\WWW\zzjk\application\Common\Controller\AppframeController.class.php 第 45 行.

[ 2016-06-20T12:57:44+08:00 ] ::1 /zzjk/index.php?g=user&m=index&a=is_login
INFO: [ app_begin ] --START--
INFO: Run Behavior\ReadHtmlCacheBehavior [ RunTime:0.003004s ]
INFO: Run Behavior\CheckLangBehavior [ RunTime:0.003022s ]
INFO: [ app_begin ] --END-- [ RunTime:0.008230s ]
NOTIC: [8] Undefined index: url F:\jphpstudy\WWW\zzjk\application\Common\Controller\AppframeController.class.php 第 45 行.

[ 2016-06-20T13:00:09+08:00 ] ::1 /zzjk/index.php?g=user&m=index&a=is_login
INFO: [ app_begin ] --START--
INFO: Run Behavior\ReadHtmlCacheBehavior [ RunTime:0.002073s ]
INFO: Run Behavior\CheckLangBehavior [ RunTime:0.002945s ]
INFO: [ app_begin ] --END-- [ RunTime:0.007622s ]
NOTIC: [8] Undefined index: url F:\jphpstudy\WWW\zzjk\application\Common\Controller\AppframeController.class.php 第 45 行.

[ 2016-06-20T13:00:32+08:00 ] ::1 /zzjk/index.php?g=user&m=index&a=is_login
INFO: [ app_begin ] --START--
INFO: Run Behavior\ReadHtmlCacheBehavior [ RunTime:0.004452s ]
INFO: Run Behavior\CheckLangBehavior [ RunTime:0.003638s ]
INFO: [ app_begin ] --END-- [ RunTime:0.011120s ]
NOTIC: [8] Undefined index: url F:\jphpstudy\WWW\zzjk\application\Common\Controller\AppframeController.class.php 第 45 行.

[ 2016-06-20T13:01:10+08:00 ] ::1 /zzjk/index.php?g=user&m=index&a=is_login
INFO: [ app_begin ] --START--
INFO: Run Behavior\ReadHtmlCacheBehavior [ RunTime:0.002063s ]
INFO: Run Behavior\CheckLangBehavior [ RunTime:0.003007s ]
INFO: [ app_begin ] --END-- [ RunTime:0.006839s ]
NOTIC: [8] Undefined index: url F:\jphpstudy\WWW\zzjk\application\Common\Controller\AppframeController.class.php 第 45 行.

[ 2016-06-20T13:10:56+08:00 ] ::1 /zzjk/index.php?g=user&m=index&a=is_login
INFO: [ app_begin ] --START--
INFO: Run Behavior\ReadHtmlCacheBehavior [ RunTime:0.002340s ]
INFO: Run Behavior\CheckLangBehavior [ RunTime:0.004143s ]
INFO: [ app_begin ] --END-- [ RunTime:0.008445s ]
NOTIC: [8] Undefined index: url F:\jphpstudy\WWW\zzjk\application\Common\Controller\AppframeController.class.php 第 45 行.

[ 2016-06-20T13:10:58+08:00 ] ::1 /zzjk/index.php?g=user&m=index&a=is_login
INFO: [ app_begin ] --START--
INFO: Run Behavior\ReadHtmlCacheBehavior [ RunTime:0.002633s ]
INFO: Run Behavior\CheckLangBehavior [ RunTime:0.005449s ]
INFO: [ app_begin ] --END-- [ RunTime:0.010031s ]
NOTIC: [8] Undefined index: url F:\jphpstudy\WWW\zzjk\application\Common\Controller\AppframeController.class.php 第 45 行.

[ 2016-06-20T13:11:00+08:00 ] ::1 /zzjk/index.php?g=user&m=index&a=is_login
INFO: [ app_begin ] --START--
INFO: Run Behavior\ReadHtmlCacheBehavior [ RunTime:0.003809s ]
INFO: Run Behavior\CheckLangBehavior [ RunTime:0.003109s ]
INFO: [ app_begin ] --END-- [ RunTime:0.010648s ]
NOTIC: [8] Undefined index: url F:\jphpstudy\WWW\zzjk\application\Common\Controller\AppframeController.class.php 第 45 行.

[ 2016-06-20T16:41:37+08:00 ] ::1 /zzjk/index.php?g=user&m=index&a=is_login
INFO: [ app_begin ] --START--
INFO: Run Behavior\ReadHtmlCacheBehavior [ RunTime:0.003604s ]
INFO: Run Behavior\CheckLangBehavior [ RunTime:0.005432s ]
INFO: [ app_begin ] --END-- [ RunTime:0.010978s ]
NOTIC: [8] Undefined index: url F:\jphpstudy\WWW\zzjk\application\Common\Controller\AppframeController.class.php 第 45 行.

[ 2016-06-20T16:41:49+08:00 ] ::1 /zzjk/index.php?g=user&m=index&a=is_login
INFO: [ app_begin ] --START--
INFO: Run Behavior\ReadHtmlCacheBehavior [ RunTime:0.005418s ]
INFO: Run Behavior\CheckLangBehavior [ RunTime:0.016727s ]
INFO: [ app_begin ] --END-- [ RunTime:0.032789s ]
NOTIC: [8] Undefined index: url F:\jphpstudy\WWW\zzjk\application\Common\Controller\AppframeController.class.php 第 45 行.

[ 2016-06-20T16:42:02+08:00 ] ::1 /zzjk/index.php?g=user&m=index&a=is_login
INFO: [ app_begin ] --START--
INFO: Run Behavior\ReadHtmlCacheBehavior [ RunTime:0.002612s ]
INFO: Run Behavior\CheckLangBehavior [ RunTime:0.005115s ]
INFO: [ app_begin ] --END-- [ RunTime:0.012323s ]
NOTIC: [8] Undefined index: url F:\jphpstudy\WWW\zzjk\application\Common\Controller\AppframeController.class.php 第 45 行.

[ 2016-06-20T16:46:08+08:00 ] ::1 /zzjk/index.php?g=user&m=index&a=is_login
INFO: [ app_begin ] --START--
INFO: Run Behavior\ReadHtmlCacheBehavior [ RunTime:0.002638s ]
INFO: Run Behavior\CheckLangBehavior [ RunTime:0.005050s ]
INFO: [ app_begin ] --END-- [ RunTime:0.011283s ]
NOTIC: [8] Undefined index: url F:\jphpstudy\WWW\zzjk\application\Common\Controller\AppframeController.class.php 第 45 行.

[ 2016-06-20T16:46:12+08:00 ] ::1 /zzjk/index.php?g=user&m=index&a=is_login
INFO: [ app_begin ] --START--
INFO: Run Behavior\ReadHtmlCacheBehavior [ RunTime:0.001872s ]
INFO: Run Behavior\CheckLangBehavior [ RunTime:0.005253s ]
INFO: [ app_begin ] --END-- [ RunTime:0.008509s ]
NOTIC: [8] Undefined index: url F:\jphpstudy\WWW\zzjk\application\Common\Controller\AppframeController.class.php 第 45 行.

[ 2016-06-20T16:46:13+08:00 ] ::1 /zzjk/index.php?g=user&m=index&a=is_login
INFO: [ app_begin ] --START--
INFO: Run Behavior\ReadHtmlCacheBehavior [ RunTime:0.002416s ]
INFO: Run Behavior\CheckLangBehavior [ RunTime:0.002602s ]
INFO: [ app_begin ] --END-- [ RunTime:0.007448s ]
NOTIC: [8] Undefined index: url F:\jphpstudy\WWW\zzjk\application\Common\Controller\AppframeController.class.php 第 45 行.

[ 2016-06-20T16:53:01+08:00 ] ::1 /zzjk/index.php?g=user&m=index&a=is_login
INFO: [ app_begin ] --START--
INFO: Run Behavior\ReadHtmlCacheBehavior [ RunTime:0.002234s ]
INFO: Run Behavior\CheckLangBehavior [ RunTime:0.003509s ]
INFO: [ app_begin ] --END-- [ RunTime:0.007824s ]
NOTIC: [8] Undefined index: url F:\jphpstudy\WWW\zzjk\application\Common\Controller\AppframeController.class.php 第 45 行.

[ 2016-06-20T17:38:40+08:00 ] ::1 /zzjk/index.php?g=user&m=index&a=is_login
INFO: [ app_begin ] --START--
INFO: Run Behavior\ReadHtmlCacheBehavior [ RunTime:0.002354s ]
INFO: Run Behavior\CheckLangBehavior [ RunTime:0.005359s ]
INFO: [ app_begin ] --END-- [ RunTime:0.009942s ]
NOTIC: [8] Undefined index: url F:\jphpstudy\WWW\zzjk\application\Common\Controller\AppframeController.class.php 第 45 行.

[ 2016-06-20T17:38:43+08:00 ] ::1 /zzjk/index.php?g=user&m=index&a=is_login
INFO: [ app_begin ] --START--
INFO: Run Behavior\ReadHtmlCacheBehavior [ RunTime:0.002805s ]
INFO: Run Behavior\CheckLangBehavior [ RunTime:0.005280s ]
INFO: [ app_begin ] --END-- [ RunTime:0.010114s ]
NOTIC: [8] Undefined index: url F:\jphpstudy\WWW\zzjk\application\Common\Controller\AppframeController.class.php 第 45 行.

[ 2016-06-20T17:51:14+08:00 ] ::1 /zzjk/index.php?g=user&m=index&a=is_login
INFO: [ app_begin ] --START--
INFO: Run Behavior\ReadHtmlCacheBehavior [ RunTime:0.004934s ]
INFO: Run Behavior\CheckLangBehavior [ RunTime:0.003210s ]
INFO: [ app_begin ] --END-- [ RunTime:0.009516s ]
NOTIC: [8] Undefined index: url F:\jphpstudy\WWW\zzjk\application\Common\Controller\AppframeController.class.php 第 45 行.

