[ 2016-06-19T12:04:07+08:00 ] ::1 /zzjk/index.php?g=user&m=index&a=is_login
INFO: [ app_begin ] --START--
INFO: Run Behavior\ReadHtmlCacheBehavior [ RunTime:0.002470s ]
INFO: Run Behavior\CheckLangBehavior [ RunTime:0.004864s ]
INFO: [ app_begin ] --END-- [ RunTime:0.010189s ]
NOTIC: [8] Undefined index: url F:\jphpstudy\WWW\zzjk\application\Common\Controller\AppframeController.class.php 第 45 行.

[ 2016-06-19T12:04:11+08:00 ] ::1 /zzjk/index.php?g=user&m=index&a=is_login
INFO: [ app_begin ] --START--
INFO: Run Behavior\ReadHtmlCacheBehavior [ RunTime:0.010130s ]
INFO: Run Behavior\CheckLangBehavior [ RunTime:0.007253s ]
INFO: [ app_begin ] --END-- [ RunTime:0.021262s ]
NOTIC: [8] Undefined index: url F:\jphpstudy\WWW\zzjk\application\Common\Controller\AppframeController.class.php 第 45 行.

[ 2016-06-19T12:05:46+08:00 ] ::1 /zzjk/index.php?g=user&m=index&a=is_login
INFO: [ app_begin ] --START--
INFO: Run Behavior\ReadHtmlCacheBehavior [ RunTime:0.001467s ]
INFO: Run Behavior\CheckLangBehavior [ RunTime:0.002077s ]
INFO: [ app_begin ] --END-- [ RunTime:0.005267s ]
NOTIC: [8] Undefined index: url F:\jphpstudy\WWW\zzjk\application\Common\Controller\AppframeController.class.php 第 45 行.

[ 2016-06-19T12:05:49+08:00 ] ::1 /zzjk/index.php?g=user&m=index&a=is_login
INFO: [ app_begin ] --START--
INFO: Run Behavior\ReadHtmlCacheBehavior [ RunTime:0.001674s ]
INFO: Run Behavior\CheckLangBehavior [ RunTime:0.003031s ]
INFO: [ app_begin ] --END-- [ RunTime:0.006435s ]
NOTIC: [8] Undefined index: url F:\jphpstudy\WWW\zzjk\application\Common\Controller\AppframeController.class.php 第 45 行.

[ 2016-06-19T12:07:09+08:00 ] ::1 /zzjk/index.php?g=user&m=index&a=is_login
INFO: [ app_begin ] --START--
INFO: Run Behavior\ReadHtmlCacheBehavior [ RunTime:0.002777s ]
INFO: Run Behavior\CheckLangBehavior [ RunTime:0.003920s ]
INFO: [ app_begin ] --END-- [ RunTime:0.010321s ]
NOTIC: [8] Undefined index: url F:\jphpstudy\WWW\zzjk\application\Common\Controller\AppframeController.class.php 第 45 行.

[ 2016-06-19T12:12:28+08:00 ] ::1 /zzjk/index.php?g=user&m=index&a=is_login
INFO: [ app_begin ] --START--
INFO: Run Behavior\ReadHtmlCacheBehavior [ RunTime:0.001615s ]
INFO: Run Behavior\CheckLangBehavior [ RunTime:0.002764s ]
INFO: [ app_begin ] --END-- [ RunTime:0.005879s ]
NOTIC: [8] Undefined index: url F:\jphpstudy\WWW\zzjk\application\Common\Controller\AppframeController.class.php 第 45 行.

[ 2016-06-19T12:12:30+08:00 ] ::1 /zzjk/index.php?g=user&m=index&a=is_login
INFO: [ app_begin ] --START--
INFO: Run Behavior\ReadHtmlCacheBehavior [ RunTime:0.002516s ]
INFO: Run Behavior\CheckLangBehavior [ RunTime:0.002392s ]
INFO: [ app_begin ] --END-- [ RunTime:0.006892s ]
NOTIC: [8] Undefined index: url F:\jphpstudy\WWW\zzjk\application\Common\Controller\AppframeController.class.php 第 45 行.

[ 2016-06-19T14:30:20+08:00 ] ::1 /zzjk/index.php?g=user&m=index&a=is_login
INFO: [ app_begin ] --START--
INFO: Run Behavior\ReadHtmlCacheBehavior [ RunTime:0.001870s ]
INFO: Run Behavior\CheckLangBehavior [ RunTime:0.002802s ]
INFO: [ app_begin ] --END-- [ RunTime:0.007078s ]
NOTIC: [8] Undefined index: url F:\jphpstudy\WWW\zzjk\application\Common\Controller\AppframeController.class.php 第 45 行.

[ 2016-06-19T14:57:51+08:00 ] ::1 /zzjk/index.php?g=user&m=index&a=is_login
INFO: [ app_begin ] --START--
INFO: Run Behavior\ReadHtmlCacheBehavior [ RunTime:0.001886s ]
INFO: Run Behavior\CheckLangBehavior [ RunTime:0.005045s ]
INFO: [ app_begin ] --END-- [ RunTime:0.008525s ]
NOTIC: [8] Undefined index: url F:\jphpstudy\WWW\zzjk\application\Common\Controller\AppframeController.class.php 第 45 行.

[ 2016-06-19T22:22:08+08:00 ] ::1 /zzjk/index.php?g=user&m=index&a=is_login
INFO: [ app_begin ] --START--
INFO: Run Behavior\ReadHtmlCacheBehavior [ RunTime:0.004466s ]
INFO: Run Behavior\CheckLangBehavior [ RunTime:0.003281s ]
INFO: [ app_begin ] --END-- [ RunTime:0.009432s ]
NOTIC: [8] Undefined index: url F:\jphpstudy\WWW\zzjk\application\Common\Controller\AppframeController.class.php 第 45 行.

[ 2016-06-19T22:23:06+08:00 ] ::1 /zzjk/index.php?g=user&m=index&a=is_login
INFO: [ app_begin ] --START--
INFO: Run Behavior\ReadHtmlCacheBehavior [ RunTime:0.001982s ]
INFO: Run Behavior\CheckLangBehavior [ RunTime:0.003269s ]
INFO: [ app_begin ] --END-- [ RunTime:0.006915s ]
NOTIC: [8] Undefined index: url F:\jphpstudy\WWW\zzjk\application\Common\Controller\AppframeController.class.php 第 45 行.

[ 2016-06-19T22:24:19+08:00 ] ::1 /zzjk/index.php?g=user&m=index&a=is_login
INFO: [ app_begin ] --START--
INFO: Run Behavior\ReadHtmlCacheBehavior [ RunTime:0.002285s ]
INFO: Run Behavior\CheckLangBehavior [ RunTime:0.003568s ]
INFO: [ app_begin ] --END-- [ RunTime:0.007925s ]
NOTIC: [8] Undefined index: url F:\jphpstudy\WWW\zzjk\application\Common\Controller\AppframeController.class.php 第 45 行.

[ 2016-06-19T22:24:22+08:00 ] ::1 /zzjk/index.php?g=user&m=index&a=is_login
INFO: [ app_begin ] --START--
INFO: Run Behavior\ReadHtmlCacheBehavior [ RunTime:0.002400s ]
INFO: Run Behavior\CheckLangBehavior [ RunTime:0.004818s ]
INFO: [ app_begin ] --END-- [ RunTime:0.008952s ]
NOTIC: [8] Undefined index: url F:\jphpstudy\WWW\zzjk\application\Common\Controller\AppframeController.class.php 第 45 行.

[ 2016-06-19T22:28:08+08:00 ] ::1 /zzjk/index.php?g=user&m=favorite&a=do_favorite&id=7
INFO: [ app_begin ] --START--
INFO: Run Behavior\ReadHtmlCacheBehavior [ RunTime:0.001696s ]
INFO: Run Behavior\CheckLangBehavior [ RunTime:0.003443s ]
INFO: [ app_begin ] --END-- [ RunTime:0.006821s ]
SQL: SHOW COLUMNS FROM `jk_users` [ RunTime:0.0280s ]
SQL: SELECT `user_status` FROM `jk_users` WHERE `id` = '2' LIMIT 1   [ RunTime:0.0262s ]
SQL: SHOW COLUMNS FROM `jk_user_favorites` [ RunTime:0.0263s ]
SQL: SELECT * FROM `jk_user_favorites` WHERE `table` = 'posts' AND `object_id` = 7 AND `uid` = '2' LIMIT 1   [ RunTime:0.0259s ]
SQL: INSERT INTO `jk_user_favorites` (`url`,`title`,`table`,`object_id`,`uid`,`createtime`) VALUES ('/zzjk/index.php?g=&amp;m=article&amp;a=index&amp;id=7','权益保障','posts','7','2','1466346488') [ RunTime:0.0259s ]

[ 2016-06-19T22:28:34+08:00 ] ::1 /zzjk/index.php?g=user&m=index&a=is_login
INFO: [ app_begin ] --START--
INFO: Run Behavior\ReadHtmlCacheBehavior [ RunTime:0.002283s ]
INFO: Run Behavior\CheckLangBehavior [ RunTime:0.007275s ]
INFO: [ app_begin ] --END-- [ RunTime:0.011528s ]
NOTIC: [8] Undefined index: url F:\jphpstudy\WWW\zzjk\application\Common\Controller\AppframeController.class.php 第 45 行.

[ 2016-06-19T22:28:35+08:00 ] ::1 /zzjk/index.php?g=user&m=favorite&a=do_favorite&id=7
INFO: [ app_begin ] --START--
INFO: Run Behavior\ReadHtmlCacheBehavior [ RunTime:0.003031s ]
INFO: Run Behavior\CheckLangBehavior [ RunTime:0.003625s ]
INFO: [ app_begin ] --END-- [ RunTime:0.008329s ]
SQL: SHOW COLUMNS FROM `jk_users` [ RunTime:0.0246s ]
SQL: SELECT `user_status` FROM `jk_users` WHERE `id` = '2' LIMIT 1   [ RunTime:0.0237s ]
SQL: SHOW COLUMNS FROM `jk_user_favorites` [ RunTime:0.0244s ]
SQL: SELECT * FROM `jk_user_favorites` WHERE `table` = 'posts' AND `object_id` = 7 AND `uid` = '2' LIMIT 1   [ RunTime:0.0237s ]

[ 2016-06-19T22:28:40+08:00 ] ::1 /zzjk/index.php?g=user&m=favorite&a=do_favorite&id=7
INFO: [ app_begin ] --START--
INFO: Run Behavior\ReadHtmlCacheBehavior [ RunTime:0.001994s ]
INFO: Run Behavior\CheckLangBehavior [ RunTime:0.002529s ]
INFO: [ app_begin ] --END-- [ RunTime:0.006111s ]
SQL: SHOW COLUMNS FROM `jk_users` [ RunTime:0.0262s ]
SQL: SELECT `user_status` FROM `jk_users` WHERE `id` = '2' LIMIT 1   [ RunTime:0.0228s ]
SQL: SHOW COLUMNS FROM `jk_user_favorites` [ RunTime:0.0238s ]
SQL: SELECT * FROM `jk_user_favorites` WHERE `table` = 'posts' AND `object_id` = 7 AND `uid` = '2' LIMIT 1   [ RunTime:0.0226s ]

[ 2016-06-19T22:28:42+08:00 ] ::1 /zzjk/index.php?g=user&m=favorite&a=do_favorite&id=7
INFO: [ app_begin ] --START--
INFO: Run Behavior\ReadHtmlCacheBehavior [ RunTime:0.001604s ]
INFO: Run Behavior\CheckLangBehavior [ RunTime:0.002365s ]
INFO: [ app_begin ] --END-- [ RunTime:0.005534s ]
SQL: SHOW COLUMNS FROM `jk_users` [ RunTime:0.0266s ]
SQL: SELECT `user_status` FROM `jk_users` WHERE `id` = '2' LIMIT 1   [ RunTime:0.0257s ]
SQL: SHOW COLUMNS FROM `jk_user_favorites` [ RunTime:0.0285s ]
SQL: SELECT * FROM `jk_user_favorites` WHERE `table` = 'posts' AND `object_id` = 7 AND `uid` = '2' LIMIT 1   [ RunTime:0.0272s ]

[ 2016-06-19T22:28:42+08:00 ] ::1 /zzjk/index.php?g=user&m=favorite&a=do_favorite&id=7
INFO: [ app_begin ] --START--
INFO: Run Behavior\ReadHtmlCacheBehavior [ RunTime:0.001905s ]
INFO: Run Behavior\CheckLangBehavior [ RunTime:0.003977s ]
INFO: [ app_begin ] --END-- [ RunTime:0.007523s ]
SQL: SHOW COLUMNS FROM `jk_users` [ RunTime:0.0233s ]
SQL: SELECT `user_status` FROM `jk_users` WHERE `id` = '2' LIMIT 1   [ RunTime:0.0223s ]
SQL: SHOW COLUMNS FROM `jk_user_favorites` [ RunTime:0.0234s ]
SQL: SELECT * FROM `jk_user_favorites` WHERE `table` = 'posts' AND `object_id` = 7 AND `uid` = '2' LIMIT 1   [ RunTime:0.0228s ]

[ 2016-06-19T22:28:43+08:00 ] ::1 /zzjk/index.php?g=user&m=favorite&a=do_favorite&id=7
INFO: [ app_begin ] --START--
INFO: Run Behavior\ReadHtmlCacheBehavior [ RunTime:0.001589s ]
INFO: Run Behavior\CheckLangBehavior [ RunTime:0.002232s ]
INFO: [ app_begin ] --END-- [ RunTime:0.005331s ]
SQL: SHOW COLUMNS FROM `jk_users` [ RunTime:0.0272s ]
SQL: SELECT `user_status` FROM `jk_users` WHERE `id` = '2' LIMIT 1   [ RunTime:0.0266s ]
SQL: SHOW COLUMNS FROM `jk_user_favorites` [ RunTime:0.0271s ]
SQL: SELECT * FROM `jk_user_favorites` WHERE `table` = 'posts' AND `object_id` = 7 AND `uid` = '2' LIMIT 1   [ RunTime:0.0269s ]

[ 2016-06-19T22:28:43+08:00 ] ::1 /zzjk/index.php?g=user&m=favorite&a=do_favorite&id=7
INFO: [ app_begin ] --START--
INFO: Run Behavior\ReadHtmlCacheBehavior [ RunTime:0.003497s ]
INFO: Run Behavior\CheckLangBehavior [ RunTime:0.003508s ]
INFO: [ app_begin ] --END-- [ RunTime:0.009894s ]
SQL: SHOW COLUMNS FROM `jk_users` [ RunTime:0.0287s ]
SQL: SELECT `user_status` FROM `jk_users` WHERE `id` = '2' LIMIT 1   [ RunTime:0.0270s ]
SQL: SHOW COLUMNS FROM `jk_user_favorites` [ RunTime:0.0276s ]
SQL: SELECT * FROM `jk_user_favorites` WHERE `table` = 'posts' AND `object_id` = 7 AND `uid` = '2' LIMIT 1   [ RunTime:0.0263s ]

[ 2016-06-19T22:28:43+08:00 ] ::1 /zzjk/index.php?g=user&m=favorite&a=do_favorite&id=7
INFO: [ app_begin ] --START--
INFO: Run Behavior\ReadHtmlCacheBehavior [ RunTime:0.002566s ]
INFO: Run Behavior\CheckLangBehavior [ RunTime:0.007361s ]
INFO: [ app_begin ] --END-- [ RunTime:0.011576s ]
SQL: SHOW COLUMNS FROM `jk_users` [ RunTime:0.0238s ]
SQL: SELECT `user_status` FROM `jk_users` WHERE `id` = '2' LIMIT 1   [ RunTime:0.0228s ]
SQL: SHOW COLUMNS FROM `jk_user_favorites` [ RunTime:0.0230s ]
SQL: SELECT * FROM `jk_user_favorites` WHERE `table` = 'posts' AND `object_id` = 7 AND `uid` = '2' LIMIT 1   [ RunTime:0.0241s ]

[ 2016-06-19T22:28:44+08:00 ] ::1 /zzjk/index.php?g=user&m=favorite&a=do_favorite&id=7
INFO: [ app_begin ] --START--
INFO: Run Behavior\ReadHtmlCacheBehavior [ RunTime:0.001961s ]
INFO: Run Behavior\CheckLangBehavior [ RunTime:0.004247s ]
INFO: [ app_begin ] --END-- [ RunTime:0.009639s ]
SQL: SHOW COLUMNS FROM `jk_users` [ RunTime:0.0253s ]
SQL: SELECT `user_status` FROM `jk_users` WHERE `id` = '2' LIMIT 1   [ RunTime:0.0241s ]
SQL: SHOW COLUMNS FROM `jk_user_favorites` [ RunTime:0.0244s ]
SQL: SELECT * FROM `jk_user_favorites` WHERE `table` = 'posts' AND `object_id` = 7 AND `uid` = '2' LIMIT 1   [ RunTime:0.0254s ]

[ 2016-06-19T22:28:44+08:00 ] ::1 /zzjk/index.php?g=user&m=favorite&a=do_favorite&id=7
INFO: [ app_begin ] --START--
INFO: Run Behavior\ReadHtmlCacheBehavior [ RunTime:0.002077s ]
INFO: Run Behavior\CheckLangBehavior [ RunTime:0.008266s ]
INFO: [ app_begin ] --END-- [ RunTime:0.012482s ]
SQL: SHOW COLUMNS FROM `jk_users` [ RunTime:0.0271s ]
SQL: SELECT `user_status` FROM `jk_users` WHERE `id` = '2' LIMIT 1   [ RunTime:0.0258s ]
SQL: SHOW COLUMNS FROM `jk_user_favorites` [ RunTime:0.0263s ]
SQL: SELECT * FROM `jk_user_favorites` WHERE `table` = 'posts' AND `object_id` = 7 AND `uid` = '2' LIMIT 1   [ RunTime:0.0266s ]

[ 2016-06-19T22:28:44+08:00 ] ::1 /zzjk/index.php?g=user&m=favorite&a=do_favorite&id=7
INFO: [ app_begin ] --START--
INFO: Run Behavior\ReadHtmlCacheBehavior [ RunTime:0.002300s ]
INFO: Run Behavior\CheckLangBehavior [ RunTime:0.003434s ]
INFO: [ app_begin ] --END-- [ RunTime:0.010072s ]
SQL: SHOW COLUMNS FROM `jk_users` [ RunTime:0.0289s ]
SQL: SELECT `user_status` FROM `jk_users` WHERE `id` = '2' LIMIT 1   [ RunTime:0.0242s ]
SQL: SHOW COLUMNS FROM `jk_user_favorites` [ RunTime:0.0245s ]
SQL: SELECT * FROM `jk_user_favorites` WHERE `table` = 'posts' AND `object_id` = 7 AND `uid` = '2' LIMIT 1   [ RunTime:0.0244s ]

[ 2016-06-19T22:28:44+08:00 ] ::1 /zzjk/index.php?g=user&m=favorite&a=do_favorite&id=7
INFO: [ app_begin ] --START--
INFO: Run Behavior\ReadHtmlCacheBehavior [ RunTime:0.001365s ]
INFO: Run Behavior\CheckLangBehavior [ RunTime:0.005861s ]
INFO: [ app_begin ] --END-- [ RunTime:0.008452s ]
SQL: SHOW COLUMNS FROM `jk_users` [ RunTime:0.0230s ]
SQL: SELECT `user_status` FROM `jk_users` WHERE `id` = '2' LIMIT 1   [ RunTime:0.0220s ]
SQL: SHOW COLUMNS FROM `jk_user_favorites` [ RunTime:0.0229s ]
SQL: SELECT * FROM `jk_user_favorites` WHERE `table` = 'posts' AND `object_id` = 7 AND `uid` = '2' LIMIT 1   [ RunTime:0.0230s ]

[ 2016-06-19T22:28:45+08:00 ] ::1 /zzjk/index.php?g=user&m=favorite&a=do_favorite&id=7
INFO: [ app_begin ] --START--
INFO: Run Behavior\ReadHtmlCacheBehavior [ RunTime:0.004245s ]
INFO: Run Behavior\CheckLangBehavior [ RunTime:0.003917s ]
INFO: [ app_begin ] --END-- [ RunTime:0.009587s ]
SQL: SHOW COLUMNS FROM `jk_users` [ RunTime:0.0242s ]
SQL: SELECT `user_status` FROM `jk_users` WHERE `id` = '2' LIMIT 1   [ RunTime:0.0232s ]
SQL: SHOW COLUMNS FROM `jk_user_favorites` [ RunTime:0.0245s ]
SQL: SELECT * FROM `jk_user_favorites` WHERE `table` = 'posts' AND `object_id` = 7 AND `uid` = '2' LIMIT 1   [ RunTime:0.0227s ]

[ 2016-06-19T22:28:45+08:00 ] ::1 /zzjk/index.php?g=user&m=favorite&a=do_favorite&id=7
INFO: [ app_begin ] --START--
INFO: Run Behavior\ReadHtmlCacheBehavior [ RunTime:0.002927s ]
INFO: Run Behavior\CheckLangBehavior [ RunTime:0.003787s ]
INFO: [ app_begin ] --END-- [ RunTime:0.009559s ]
SQL: SHOW COLUMNS FROM `jk_users` [ RunTime:0.0262s ]
SQL: SELECT `user_status` FROM `jk_users` WHERE `id` = '2' LIMIT 1   [ RunTime:0.0226s ]
SQL: SHOW COLUMNS FROM `jk_user_favorites` [ RunTime:0.0231s ]
SQL: SELECT * FROM `jk_user_favorites` WHERE `table` = 'posts' AND `object_id` = 7 AND `uid` = '2' LIMIT 1   [ RunTime:0.0242s ]

[ 2016-06-19T22:28:45+08:00 ] ::1 /zzjk/index.php?g=user&m=favorite&a=do_favorite&id=7
INFO: [ app_begin ] --START--
INFO: Run Behavior\ReadHtmlCacheBehavior [ RunTime:0.001545s ]
INFO: Run Behavior\CheckLangBehavior [ RunTime:0.002190s ]
INFO: [ app_begin ] --END-- [ RunTime:0.005299s ]
SQL: SHOW COLUMNS FROM `jk_users` [ RunTime:0.0228s ]
SQL: SELECT `user_status` FROM `jk_users` WHERE `id` = '2' LIMIT 1   [ RunTime:0.0255s ]
SQL: SHOW COLUMNS FROM `jk_user_favorites` [ RunTime:0.0229s ]
SQL: SELECT * FROM `jk_user_favorites` WHERE `table` = 'posts' AND `object_id` = 7 AND `uid` = '2' LIMIT 1   [ RunTime:0.0243s ]

[ 2016-06-19T22:28:46+08:00 ] ::1 /zzjk/index.php?g=user&m=favorite&a=do_favorite&id=7
INFO: [ app_begin ] --START--
INFO: Run Behavior\ReadHtmlCacheBehavior [ RunTime:0.002878s ]
INFO: Run Behavior\CheckLangBehavior [ RunTime:0.005006s ]
INFO: [ app_begin ] --END-- [ RunTime:0.009664s ]
SQL: SHOW COLUMNS FROM `jk_users` [ RunTime:0.0271s ]
SQL: SELECT `user_status` FROM `jk_users` WHERE `id` = '2' LIMIT 1   [ RunTime:0.0261s ]
SQL: SHOW COLUMNS FROM `jk_user_favorites` [ RunTime:0.0272s ]
SQL: SELECT * FROM `jk_user_favorites` WHERE `table` = 'posts' AND `object_id` = 7 AND `uid` = '2' LIMIT 1   [ RunTime:0.0269s ]

[ 2016-06-19T22:28:46+08:00 ] ::1 /zzjk/index.php?g=user&m=favorite&a=do_favorite&id=7
INFO: [ app_begin ] --START--
INFO: Run Behavior\ReadHtmlCacheBehavior [ RunTime:0.003315s ]
INFO: Run Behavior\CheckLangBehavior [ RunTime:0.003754s ]
INFO: [ app_begin ] --END-- [ RunTime:0.010260s ]
SQL: SHOW COLUMNS FROM `jk_users` [ RunTime:0.0294s ]
SQL: SELECT `user_status` FROM `jk_users` WHERE `id` = '2' LIMIT 1   [ RunTime:0.0266s ]
SQL: SHOW COLUMNS FROM `jk_user_favorites` [ RunTime:0.0296s ]
SQL: SELECT * FROM `jk_user_favorites` WHERE `table` = 'posts' AND `object_id` = 7 AND `uid` = '2' LIMIT 1   [ RunTime:0.0282s ]

[ 2016-06-19T22:28:46+08:00 ] ::1 /zzjk/index.php?g=user&m=favorite&a=do_favorite&id=7
INFO: [ app_begin ] --START--
INFO: Run Behavior\ReadHtmlCacheBehavior [ RunTime:0.002187s ]
INFO: Run Behavior\CheckLangBehavior [ RunTime:0.004905s ]
INFO: [ app_begin ] --END-- [ RunTime:0.011452s ]
SQL: SHOW COLUMNS FROM `jk_users` [ RunTime:0.0250s ]
SQL: SELECT `user_status` FROM `jk_users` WHERE `id` = '2' LIMIT 1   [ RunTime:0.0242s ]
SQL: SHOW COLUMNS FROM `jk_user_favorites` [ RunTime:0.0237s ]
SQL: SELECT * FROM `jk_user_favorites` WHERE `table` = 'posts' AND `object_id` = 7 AND `uid` = '2' LIMIT 1   [ RunTime:0.0242s ]

[ 2016-06-19T22:28:47+08:00 ] ::1 /zzjk/index.php?g=user&m=favorite&a=do_favorite&id=7
INFO: [ app_begin ] --START--
INFO: Run Behavior\ReadHtmlCacheBehavior [ RunTime:0.002411s ]
INFO: Run Behavior\CheckLangBehavior [ RunTime:0.006017s ]
INFO: [ app_begin ] --END-- [ RunTime:0.010225s ]
SQL: SHOW COLUMNS FROM `jk_users` [ RunTime:0.0238s ]
SQL: SELECT `user_status` FROM `jk_users` WHERE `id` = '2' LIMIT 1   [ RunTime:0.0225s ]
SQL: SHOW COLUMNS FROM `jk_user_favorites` [ RunTime:0.0229s ]
SQL: SELECT * FROM `jk_user_favorites` WHERE `table` = 'posts' AND `object_id` = 7 AND `uid` = '2' LIMIT 1   [ RunTime:0.0229s ]

[ 2016-06-19T22:28:47+08:00 ] ::1 /zzjk/index.php?g=user&m=favorite&a=do_favorite&id=7
INFO: [ app_begin ] --START--
INFO: Run Behavior\ReadHtmlCacheBehavior [ RunTime:0.002391s ]
INFO: Run Behavior\CheckLangBehavior [ RunTime:0.002240s ]
INFO: [ app_begin ] --END-- [ RunTime:0.006546s ]
SQL: SHOW COLUMNS FROM `jk_users` [ RunTime:0.0252s ]
SQL: SELECT `user_status` FROM `jk_users` WHERE `id` = '2' LIMIT 1   [ RunTime:0.0230s ]
SQL: SHOW COLUMNS FROM `jk_user_favorites` [ RunTime:0.0251s ]
SQL: SELECT * FROM `jk_user_favorites` WHERE `table` = 'posts' AND `object_id` = 7 AND `uid` = '2' LIMIT 1   [ RunTime:0.0245s ]

[ 2016-06-19T22:28:47+08:00 ] ::1 /zzjk/index.php?g=user&m=favorite&a=do_favorite&id=7
INFO: [ app_begin ] --START--
INFO: Run Behavior\ReadHtmlCacheBehavior [ RunTime:0.005399s ]
INFO: Run Behavior\CheckLangBehavior [ RunTime:0.006431s ]
INFO: [ app_begin ] --END-- [ RunTime:0.014077s ]
SQL: SHOW COLUMNS FROM `jk_users` [ RunTime:0.0232s ]
SQL: SELECT `user_status` FROM `jk_users` WHERE `id` = '2' LIMIT 1   [ RunTime:0.0220s ]
SQL: SHOW COLUMNS FROM `jk_user_favorites` [ RunTime:0.0249s ]
SQL: SELECT * FROM `jk_user_favorites` WHERE `table` = 'posts' AND `object_id` = 7 AND `uid` = '2' LIMIT 1   [ RunTime:0.0230s ]

[ 2016-06-19T22:28:47+08:00 ] ::1 /zzjk/index.php?g=user&m=favorite&a=do_favorite&id=7
INFO: [ app_begin ] --START--
INFO: Run Behavior\ReadHtmlCacheBehavior [ RunTime:0.001928s ]
INFO: Run Behavior\CheckLangBehavior [ RunTime:0.002844s ]
INFO: [ app_begin ] --END-- [ RunTime:0.005999s ]
SQL: SHOW COLUMNS FROM `jk_users` [ RunTime:0.0252s ]
SQL: SELECT `user_status` FROM `jk_users` WHERE `id` = '2' LIMIT 1   [ RunTime:0.0250s ]
SQL: SHOW COLUMNS FROM `jk_user_favorites` [ RunTime:0.0249s ]
SQL: SELECT * FROM `jk_user_favorites` WHERE `table` = 'posts' AND `object_id` = 7 AND `uid` = '2' LIMIT 1   [ RunTime:0.0248s ]

[ 2016-06-19T22:28:48+08:00 ] ::1 /zzjk/index.php?g=user&m=favorite&a=do_favorite&id=7
INFO: [ app_begin ] --START--
INFO: Run Behavior\ReadHtmlCacheBehavior [ RunTime:0.001607s ]
INFO: Run Behavior\CheckLangBehavior [ RunTime:0.006959s ]
INFO: [ app_begin ] --END-- [ RunTime:0.010956s ]
SQL: SHOW COLUMNS FROM `jk_users` [ RunTime:0.0255s ]
SQL: SELECT `user_status` FROM `jk_users` WHERE `id` = '2' LIMIT 1   [ RunTime:0.0234s ]
SQL: SHOW COLUMNS FROM `jk_user_favorites` [ RunTime:0.0242s ]
SQL: SELECT * FROM `jk_user_favorites` WHERE `table` = 'posts' AND `object_id` = 7 AND `uid` = '2' LIMIT 1   [ RunTime:0.0271s ]

[ 2016-06-19T22:28:48+08:00 ] ::1 /zzjk/index.php?g=user&m=favorite&a=do_favorite&id=7
INFO: [ app_begin ] --START--
INFO: Run Behavior\ReadHtmlCacheBehavior [ RunTime:0.001210s ]
INFO: Run Behavior\CheckLangBehavior [ RunTime:0.002466s ]
INFO: [ app_begin ] --END-- [ RunTime:0.004852s ]
SQL: SHOW COLUMNS FROM `jk_users` [ RunTime:0.0228s ]
SQL: SELECT `user_status` FROM `jk_users` WHERE `id` = '2' LIMIT 1   [ RunTime:0.0236s ]
SQL: SHOW COLUMNS FROM `jk_user_favorites` [ RunTime:0.0226s ]
SQL: SELECT * FROM `jk_user_favorites` WHERE `table` = 'posts' AND `object_id` = 7 AND `uid` = '2' LIMIT 1   [ RunTime:0.0219s ]

[ 2016-06-19T22:28:48+08:00 ] ::1 /zzjk/index.php?g=user&m=favorite&a=do_favorite&id=7
INFO: [ app_begin ] --START--
INFO: Run Behavior\ReadHtmlCacheBehavior [ RunTime:0.002672s ]
INFO: Run Behavior\CheckLangBehavior [ RunTime:0.003668s ]
INFO: [ app_begin ] --END-- [ RunTime:0.009510s ]
SQL: SHOW COLUMNS FROM `jk_users` [ RunTime:0.0269s ]
SQL: SELECT `user_status` FROM `jk_users` WHERE `id` = '2' LIMIT 1   [ RunTime:0.0246s ]
SQL: SHOW COLUMNS FROM `jk_user_favorites` [ RunTime:0.0237s ]
SQL: SELECT * FROM `jk_user_favorites` WHERE `table` = 'posts' AND `object_id` = 7 AND `uid` = '2' LIMIT 1   [ RunTime:0.0227s ]

[ 2016-06-19T22:28:48+08:00 ] ::1 /zzjk/index.php?g=user&m=favorite&a=do_favorite&id=7
INFO: [ app_begin ] --START--
INFO: Run Behavior\ReadHtmlCacheBehavior [ RunTime:0.002060s ]
INFO: Run Behavior\CheckLangBehavior [ RunTime:0.009314s ]
INFO: [ app_begin ] --END-- [ RunTime:0.017791s ]
SQL: SHOW COLUMNS FROM `jk_users` [ RunTime:0.0239s ]
SQL: SELECT `user_status` FROM `jk_users` WHERE `id` = '2' LIMIT 1   [ RunTime:0.0229s ]
SQL: SHOW COLUMNS FROM `jk_user_favorites` [ RunTime:0.0241s ]
SQL: SELECT * FROM `jk_user_favorites` WHERE `table` = 'posts' AND `object_id` = 7 AND `uid` = '2' LIMIT 1   [ RunTime:0.0229s ]

[ 2016-06-19T22:28:49+08:00 ] ::1 /zzjk/index.php?g=user&m=favorite&a=do_favorite&id=7
INFO: [ app_begin ] --START--
INFO: Run Behavior\ReadHtmlCacheBehavior [ RunTime:0.001356s ]
INFO: Run Behavior\CheckLangBehavior [ RunTime:0.001600s ]
INFO: [ app_begin ] --END-- [ RunTime:0.003996s ]
SQL: SHOW COLUMNS FROM `jk_users` [ RunTime:0.0229s ]
SQL: SELECT `user_status` FROM `jk_users` WHERE `id` = '2' LIMIT 1   [ RunTime:0.0222s ]
SQL: SHOW COLUMNS FROM `jk_user_favorites` [ RunTime:0.0239s ]
SQL: SELECT * FROM `jk_user_favorites` WHERE `table` = 'posts' AND `object_id` = 7 AND `uid` = '2' LIMIT 1   [ RunTime:0.0235s ]

[ 2016-06-19T22:28:49+08:00 ] ::1 /zzjk/index.php?g=user&m=favorite&a=do_favorite&id=7
INFO: [ app_begin ] --START--
INFO: Run Behavior\ReadHtmlCacheBehavior [ RunTime:0.001320s ]
INFO: Run Behavior\CheckLangBehavior [ RunTime:0.001896s ]
INFO: [ app_begin ] --END-- [ RunTime:0.004427s ]
SQL: SHOW COLUMNS FROM `jk_users` [ RunTime:0.0253s ]
SQL: SELECT `user_status` FROM `jk_users` WHERE `id` = '2' LIMIT 1   [ RunTime:0.0233s ]
SQL: SHOW COLUMNS FROM `jk_user_favorites` [ RunTime:0.0249s ]
SQL: SELECT * FROM `jk_user_favorites` WHERE `table` = 'posts' AND `object_id` = 7 AND `uid` = '2' LIMIT 1   [ RunTime:0.0237s ]

[ 2016-06-19T22:28:50+08:00 ] ::1 /zzjk/index.php?g=user&m=favorite&a=do_favorite&id=7
INFO: [ app_begin ] --START--
INFO: Run Behavior\ReadHtmlCacheBehavior [ RunTime:0.002514s ]
INFO: Run Behavior\CheckLangBehavior [ RunTime:0.008674s ]
INFO: [ app_begin ] --END-- [ RunTime:0.013232s ]
SQL: SHOW COLUMNS FROM `jk_users` [ RunTime:0.0302s ]
SQL: SELECT `user_status` FROM `jk_users` WHERE `id` = '2' LIMIT 1   [ RunTime:0.0235s ]
SQL: SHOW COLUMNS FROM `jk_user_favorites` [ RunTime:0.0229s ]
SQL: SELECT * FROM `jk_user_favorites` WHERE `table` = 'posts' AND `object_id` = 7 AND `uid` = '2' LIMIT 1   [ RunTime:0.0239s ]

[ 2016-06-19T22:28:50+08:00 ] ::1 /zzjk/index.php?g=user&m=favorite&a=do_favorite&id=7
INFO: [ app_begin ] --START--
INFO: Run Behavior\ReadHtmlCacheBehavior [ RunTime:0.003088s ]
INFO: Run Behavior\CheckLangBehavior [ RunTime:0.003278s ]
INFO: [ app_begin ] --END-- [ RunTime:0.008599s ]
SQL: SHOW COLUMNS FROM `jk_users` [ RunTime:0.0243s ]
SQL: SELECT `user_status` FROM `jk_users` WHERE `id` = '2' LIMIT 1   [ RunTime:0.0233s ]
SQL: SHOW COLUMNS FROM `jk_user_favorites` [ RunTime:0.0227s ]
SQL: SELECT * FROM `jk_user_favorites` WHERE `table` = 'posts' AND `object_id` = 7 AND `uid` = '2' LIMIT 1   [ RunTime:0.0220s ]

[ 2016-06-19T22:38:05+08:00 ] ::1 /zzjk/index.php?g=user&m=index&a=is_login
INFO: [ app_begin ] --START--
INFO: Run Behavior\ReadHtmlCacheBehavior [ RunTime:0.002273s ]
INFO: Run Behavior\CheckLangBehavior [ RunTime:0.004256s ]
INFO: [ app_begin ] --END-- [ RunTime:0.008810s ]
NOTIC: [8] Undefined index: url F:\jphpstudy\WWW\zzjk\application\Common\Controller\AppframeController.class.php 第 45 行.

[ 2016-06-19T22:40:55+08:00 ] ::1 /zzjk/index.php?g=user&m=index&a=is_login
INFO: [ app_begin ] --START--
INFO: Run Behavior\ReadHtmlCacheBehavior [ RunTime:0.002113s ]
INFO: Run Behavior\CheckLangBehavior [ RunTime:0.002290s ]
INFO: [ app_begin ] --END-- [ RunTime:0.006108s ]
NOTIC: [8] Undefined index: url F:\jphpstudy\WWW\zzjk\application\Common\Controller\AppframeController.class.php 第 45 行.

[ 2016-06-19T22:42:24+08:00 ] ::1 /zzjk/index.php?g=user&m=index&a=is_login
INFO: [ app_begin ] --START--
INFO: Run Behavior\ReadHtmlCacheBehavior [ RunTime:0.001928s ]
INFO: Run Behavior\CheckLangBehavior [ RunTime:0.003226s ]
INFO: [ app_begin ] --END-- [ RunTime:0.006844s ]
NOTIC: [8] Undefined index: url F:\jphpstudy\WWW\zzjk\application\Common\Controller\AppframeController.class.php 第 45 行.

[ 2016-06-19T22:42:35+08:00 ] ::1 /zzjk/index.php?g=user&m=index&a=is_login
INFO: [ app_begin ] --START--
INFO: Run Behavior\ReadHtmlCacheBehavior [ RunTime:0.002501s ]
INFO: Run Behavior\CheckLangBehavior [ RunTime:0.003338s ]
INFO: [ app_begin ] --END-- [ RunTime:0.009166s ]
NOTIC: [8] Undefined index: url F:\jphpstudy\WWW\zzjk\application\Common\Controller\AppframeController.class.php 第 45 行.

[ 2016-06-19T22:45:56+08:00 ] ::1 /zzjk/index.php?g=user&m=index&a=is_login
INFO: [ app_begin ] --START--
INFO: Run Behavior\ReadHtmlCacheBehavior [ RunTime:0.002213s ]
INFO: Run Behavior\CheckLangBehavior [ RunTime:0.007278s ]
INFO: [ app_begin ] --END-- [ RunTime:0.012798s ]
NOTIC: [8] Undefined index: url F:\jphpstudy\WWW\zzjk\application\Common\Controller\AppframeController.class.php 第 45 行.

[ 2016-06-19T22:50:12+08:00 ] ::1 /zzjk/index.php?g=user&m=index&a=is_login
INFO: [ app_begin ] --START--
INFO: Run Behavior\ReadHtmlCacheBehavior [ RunTime:0.002522s ]
INFO: Run Behavior\CheckLangBehavior [ RunTime:0.002536s ]
INFO: [ app_begin ] --END-- [ RunTime:0.008777s ]
NOTIC: [8] Undefined index: url F:\jphpstudy\WWW\zzjk\application\Common\Controller\AppframeController.class.php 第 45 行.

[ 2016-06-19T22:51:05+08:00 ] ::1 /zzjk/index.php?g=user&m=index&a=is_login
INFO: [ app_begin ] --START--
INFO: Run Behavior\ReadHtmlCacheBehavior [ RunTime:0.003179s ]
INFO: Run Behavior\CheckLangBehavior [ RunTime:0.003150s ]
INFO: [ app_begin ] --END-- [ RunTime:0.010288s ]
NOTIC: [8] Undefined index: url F:\jphpstudy\WWW\zzjk\application\Common\Controller\AppframeController.class.php 第 45 行.

